0 info it worked if it ends with ok
1 verbose cli [ '/usr/bin/node', '/usr/bin/npm', 'install', '-g', 'es6-promise' ]
2 info using npm@1.4.28
3 info using node@v0.10.37
4 verbose node symlink /usr/bin/node
5 verbose cache add [ 'es6-promise', null ]
6 verbose cache add name=undefined spec="es6-promise" args=["es6-promise",null]
7 verbose parsed url { protocol: null,
7 verbose parsed url   slashes: null,
7 verbose parsed url   auth: null,
7 verbose parsed url   host: null,
7 verbose parsed url   port: null,
7 verbose parsed url   hostname: null,
7 verbose parsed url   hash: null,
7 verbose parsed url   search: null,
7 verbose parsed url   query: null,
7 verbose parsed url   pathname: 'es6-promise',
7 verbose parsed url   path: 'es6-promise',
7 verbose parsed url   href: 'es6-promise' }
8 silly lockFile 622dc92c-es6-promise es6-promise
9 verbose lock es6-promise /home/shashi/.npm/622dc92c-es6-promise.lock
10 silly lockFile 622dc92c-es6-promise es6-promise
11 silly lockFile 622dc92c-es6-promise es6-promise
12 verbose addNamed [ 'es6-promise', '' ]
13 verbose addNamed [ null, '*' ]
14 silly lockFile bac4a9a6-es6-promise es6-promise@
15 verbose lock es6-promise@ /home/shashi/.npm/bac4a9a6-es6-promise.lock
16 silly addNameRange { name: 'es6-promise', range: '*', hasData: false }
17 verbose request where is /es6-promise
18 verbose request registry https://registry.npmjs.org/
19 verbose request id 1a7db3afa8b32724
20 verbose url raw /es6-promise
21 verbose url resolving [ 'https://registry.npmjs.org/', './es6-promise' ]
22 verbose url resolved https://registry.npmjs.org/es6-promise
23 verbose request where is https://registry.npmjs.org/es6-promise
24 info trying registry request attempt 1 at 12:11:18
25 verbose etag "5J7XY24WWMNUCWGX9S1LQJ0VB"
26 http GET https://registry.npmjs.org/es6-promise
27 http 304 https://registry.npmjs.org/es6-promise
28 silly registry.get cb [ 304,
28 silly registry.get   { date: 'Fri, 03 Jul 2015 06:41:23 GMT',
28 silly registry.get     via: '1.1 varnish',
28 silly registry.get     'cache-control': 'max-age=60',
28 silly registry.get     etag: '"5J7XY24WWMNUCWGX9S1LQJ0VB"',
28 silly registry.get     age: '0',
28 silly registry.get     connection: 'keep-alive',
28 silly registry.get     'x-served-by': 'cache-sin6920-SIN',
28 silly registry.get     'x-cache': 'HIT',
28 silly registry.get     'x-cache-hits': '1',
28 silly registry.get     'x-timer': 'S1435905683.964254,VS0,VE246',
28 silly registry.get     vary: 'Accept' } ]
29 verbose etag https://registry.npmjs.org/es6-promise from cache
30 silly addNameRange number 2 { name: 'es6-promise', range: '*', hasData: true }
31 silly addNameRange versions [ 'es6-promise',
31 silly addNameRange   [ '0.1.0',
31 silly addNameRange     '0.1.1',
31 silly addNameRange     '0.1.2',
31 silly addNameRange     '1.0.0',
31 silly addNameRange     '2.0.0',
31 silly addNameRange     '2.0.1',
31 silly addNameRange     '2.1.0',
31 silly addNameRange     '2.1.1',
31 silly addNameRange     '2.2.0',
31 silly addNameRange     '2.3.0' ] ]
32 verbose addNamed [ 'es6-promise', '2.3.0' ]
33 verbose addNamed [ '2.3.0', '2.3.0' ]
34 silly lockFile a3821e4f-es6-promise-2-3-0 es6-promise@2.3.0
35 verbose lock es6-promise@2.3.0 /home/shashi/.npm/a3821e4f-es6-promise-2-3-0.lock
36 silly lockFile a3821e4f-es6-promise-2-3-0 es6-promise@2.3.0
37 silly lockFile a3821e4f-es6-promise-2-3-0 es6-promise@2.3.0
38 silly lockFile bac4a9a6-es6-promise es6-promise@
39 silly lockFile bac4a9a6-es6-promise es6-promise@
40 silly resolved [ { name: 'es6-promise',
40 silly resolved     namespace: 'es6-promise',
40 silly resolved     version: '2.3.0',
40 silly resolved     description: 'A lightweight library that provides tools for organizing asynchronous code',
40 silly resolved     main: 'dist/es6-promise.js',
40 silly resolved     directories: { lib: 'lib' },
40 silly resolved     files: [ 'dist', 'lib' ],
40 silly resolved     devDependencies:
40 silly resolved      { bower: '^1.3.9',
40 silly resolved        brfs: '0.0.8',
40 silly resolved        'broccoli-es3-safe-recast': '0.0.8',
40 silly resolved        'broccoli-es6-module-transpiler': '^0.5.0',
40 silly resolved        'broccoli-jshint': '^0.5.1',
40 silly resolved        'broccoli-merge-trees': '^0.1.4',
40 silly resolved        'broccoli-replace': '^0.2.0',
40 silly resolved        'broccoli-stew': '0.0.6',
40 silly resolved        'broccoli-uglify-js': '^0.1.3',
40 silly resolved        'broccoli-watchify': '^0.2.0',
40 silly resolved        'ember-cli': '0.2.3',
40 silly resolved        'ember-publisher': '0.0.7',
40 silly resolved        'git-repo-version': '0.0.2',
40 silly resolved        json3: '^3.3.2',
40 silly resolved        minimatch: '^2.0.1',
40 silly resolved        mocha: '^1.20.1',
40 silly resolved        'promises-aplus-tests-phantom': '^2.1.0-revise',
40 silly resolved        'release-it': '0.0.10' },
40 silly resolved     scripts:
40 silly resolved      { build: 'ember build',
40 silly resolved        start: 'ember s',
40 silly resolved        test: 'ember test',
40 silly resolved        'test:server': 'ember test --server',
40 silly resolved        'test:node': 'ember build && mocha ./dist/test/browserify',
40 silly resolved        lint: 'jshint lib',
40 silly resolved        prepublish: 'ember build --environment production',
40 silly resolved        'dry-run-release': 'ember build --environment production && release-it --dry-run --non-interactive' },
40 silly resolved     repository:
40 silly resolved      { type: 'git',
40 silly resolved        url: 'git://github.com/jakearchibald/ES6-Promises.git' },
40 silly resolved     bugs: { url: 'https://github.com/jakearchibald/ES6-Promises/issues' },
40 silly resolved     browser: { vertx: false },
40 silly resolved     keywords: [ 'promises', 'futures' ],
40 silly resolved     author:
40 silly resolved      { name: 'Yehuda Katz, Tom Dale, Stefan Penner and contributors',
40 silly resolved        url: 'Conversion to ES6 API by Jake Archibald' },
40 silly resolved     license: 'MIT',
40 silly resolved     spm: { main: 'dist/es6-promise.js' },
40 silly resolved     gitHead: 'd3959b5c4c239b604bf95b737a0243ca6e94aa7e',
40 silly resolved     homepage: 'https://github.com/jakearchibald/ES6-Promises',
40 silly resolved     _id: 'es6-promise@2.3.0',
40 silly resolved     _shasum: '96edb9f2fdb01995822b263dd8aadab6748181bc',
40 silly resolved     _from: 'es6-promise@',
40 silly resolved     _npmVersion: '2.5.1',
40 silly resolved     _nodeVersion: '0.12.1',
40 silly resolved     _npmUser: { name: 'jaffathecake', email: 'jaffathecake@gmail.com' },
40 silly resolved     maintainers: [ [Object], [Object] ],
40 silly resolved     dist:
40 silly resolved      { shasum: '96edb9f2fdb01995822b263dd8aadab6748181bc',
40 silly resolved        tarball: 'http://registry.npmjs.org/es6-promise/-/es6-promise-2.3.0.tgz' },
40 silly resolved     _resolved: 'https://registry.npmjs.org/es6-promise/-/es6-promise-2.3.0.tgz',
40 silly resolved     readme: 'ERROR: No README data found!' } ]
41 info install es6-promise@2.3.0 into /usr/lib
42 info installOne es6-promise@2.3.0
43 verbose lib/node_modules/es6-promise unbuild
44 verbose tar unpack /home/shashi/.npm/es6-promise/2.3.0/package.tgz
45 silly lockFile 4e14881d-usr-lib-node-modules-es6-promise tar:///usr/lib/node_modules/es6-promise
46 verbose lock tar:///usr/lib/node_modules/es6-promise /home/shashi/.npm/4e14881d-usr-lib-node-modules-es6-promise.lock
47 silly lockFile 25af0d3a-pm-es6-promise-2-3-0-package-tgz tar:///home/shashi/.npm/es6-promise/2.3.0/package.tgz
48 verbose lock tar:///home/shashi/.npm/es6-promise/2.3.0/package.tgz /home/shashi/.npm/25af0d3a-pm-es6-promise-2-3-0-package-tgz.lock
49 silly gunzTarPerm modes [ '775', '664' ]
50 error Error: EACCES, mkdir '/usr/lib/node_modules/es6-promise'
50 error  { [Error: EACCES, mkdir '/usr/lib/node_modules/es6-promise']
50 error   errno: 3,
50 error   code: 'EACCES',
50 error   path: '/usr/lib/node_modules/es6-promise',
50 error   fstream_type: 'Directory',
50 error   fstream_path: '/usr/lib/node_modules/es6-promise',
50 error   fstream_class: 'DirWriter',
50 error   fstream_stack:
50 error    [ '/usr/lib/node_modules/npm/node_modules/fstream/lib/dir-writer.js:36:23',
50 error      '/usr/lib/node_modules/npm/node_modules/mkdirp/index.js:46:53',
50 error      'Object.oncomplete (fs.js:108:15)' ] }
51 error Please try running this command again as root/Administrator.
52 error System Linux 3.13.0-55-generic
53 error command "/usr/bin/node" "/usr/bin/npm" "install" "-g" "es6-promise"
54 error cwd /home/shashi/projects/tweetsmart/tweetsmart
55 error node -v v0.10.37
56 error npm -v 1.4.28
57 error path /usr/lib/node_modules/es6-promise
58 error fstream_path /usr/lib/node_modules/es6-promise
59 error fstream_type Directory
60 error fstream_class DirWriter
61 error code EACCES
62 error errno 3
63 error stack Error: EACCES, mkdir '/usr/lib/node_modules/es6-promise'
64 error fstream_stack /usr/lib/node_modules/npm/node_modules/fstream/lib/dir-writer.js:36:23
64 error fstream_stack /usr/lib/node_modules/npm/node_modules/mkdirp/index.js:46:53
64 error fstream_stack Object.oncomplete (fs.js:108:15)
65 verbose exit [ 3, true ]
